Determining if the pthread_create exist failed with the following output:
Change Dir: /home/jay/autopilot_temp/dronesim-/build/CMakeFiles/CMakeTmp

Run Build Command:/usr/bin/make "cmTryCompileExec1166968040/fast"
/usr/bin/make -f CMakeFiles/cmTryCompileExec1166968040.dir/build.make CMakeFiles/cmTryCompileExec1166968040.dir/build
make[1]: Entering directory `/home/jay/autopilot_temp/dronesim-/build/CMakeFiles/CMakeTmp'
/usr/bin/cmake -E cmake_progress_report /home/jay/autopilot_temp/dronesim-/build/CMakeFiles/CMakeTmp/CMakeFiles 1
Building C object CMakeFiles/cmTryCompileExec1166968040.dir/CheckSymbolExists.c.o
/usr/bin/cc    -o CMakeFiles/cmTryCompileExec1166968040.dir/CheckSymbolExists.c.o   -c /home/jay/autopilot_temp/dronesim-/build/CMakeFiles/CMakeTmp/CheckSymbolExists.c
Linking C executable cmTryCompileExec1166968040
/usr/bin/cmake -E cmake_link_script CMakeFiles/cmTryCompileExec1166968040.dir/link.txt --verbose=1
/usr/bin/cc       CMakeFiles/cmTryCompileExec1166968040.dir/CheckSymbolExists.c.o  -o cmTryCompileExec1166968040 -rdynamic 
CMakeFiles/cmTryCompileExec1166968040.dir/CheckSymbolExists.c.o: In function `main':
CheckSymbolExists.c:(.text+0x16): undefined reference to `pthread_create'
collect2: error: ld returned 1 exit status
make[1]: *** [cmTryCompileExec1166968040] Error 1
make[1]: Leaving directory `/home/jay/autopilot_temp/dronesim-/build/CMakeFiles/CMakeTmp'
make: *** [cmTryCompileExec1166968040/fast] Error 2

File /home/jay/autopilot_temp/dronesim-/build/CMakeFiles/CMakeTmp/CheckSymbolExists.c:
/* */
#include <pthread.h>

int main(int argc, char** argv)
{
  (void)argv;
#ifndef pthread_create
  return ((int*)(&pthread_create))[argc];
#else
  (void)argc;
  return 0;
#endif
}

Determining if the function pthread_create exists in the pthreads failed with the following output:
Change Dir: /home/jay/autopilot_temp/dronesim-/build/CMakeFiles/CMakeTmp

Run Build Command:/usr/bin/make "cmTryCompileExec110937871/fast"
/usr/bin/make -f CMakeFiles/cmTryCompileExec110937871.dir/build.make CMakeFiles/cmTryCompileExec110937871.dir/build
make[1]: Entering directory `/home/jay/autopilot_temp/dronesim-/build/CMakeFiles/CMakeTmp'
/usr/bin/cmake -E cmake_progress_report /home/jay/autopilot_temp/dronesim-/build/CMakeFiles/CMakeTmp/CMakeFiles 1
Building C object CMakeFiles/cmTryCompileExec110937871.dir/CheckFunctionExists.c.o
/usr/bin/cc   -DCHECK_FUNCTION_EXISTS=pthread_create   -o CMakeFiles/cmTryCompileExec110937871.dir/CheckFunctionExists.c.o   -c /usr/share/cmake-2.8/Modules/CheckFunctionExists.c
Linking C executable cmTryCompileExec110937871
/usr/bin/cmake -E cmake_link_script CMakeFiles/cmTryCompileExec110937871.dir/link.txt --verbose=1
/usr/bin/cc   -DCHECK_FUNCTION_EXISTS=pthread_create    CMakeFiles/cmTryCompileExec110937871.dir/CheckFunctionExists.c.o  -o cmTryCompileExec110937871 -rdynamic -lpthreads 
/usr/bin/ld: cannot find -lpthreads
collect2: error: ld returned 1 exit status
make[1]: *** [cmTryCompileExec110937871] Error 1
make[1]: Leaving directory `/home/jay/autopilot_temp/dronesim-/build/CMakeFiles/CMakeTmp'
make: *** [cmTryCompileExec110937871/fast] Error 2


